[debug] [2025-02-15T05:28:37.245Z] ----------------------------------------------------------------------
[debug] [2025-02-15T05:28:37.247Z] Command:       C:\Program Files\nodejs\node.exe C:\Users\Acer\AppData\Roaming\npm\node_modules\firebase-tools\lib\bin\firebase.js init
[debug] [2025-02-15T05:28:37.247Z] CLI Version:   13.31.1
[debug] [2025-02-15T05:28:37.247Z] Platform:      win32
[debug] [2025-02-15T05:28:37.248Z] Node Version:  v20.16.0
[debug] [2025-02-15T05:28:37.248Z] Time:          Sat Feb 15 2025 10:58:37 GMT+0530 (India Standard Time)
[debug] [2025-02-15T05:28:37.248Z] ----------------------------------------------------------------------
[debug] 
[debug] [2025-02-15T05:28:37.252Z] > command requires scopes: ["email","openid","https://www.googleapis.com/auth/cloudplatformprojects.readonly","https://www.googleapis.com/auth/firebase","https://www.googleapis.com/auth/cloud-platform"]
[debug] [2025-02-15T05:28:37.253Z] > authorizing via signed-in user (grid7698@gmail.com)
[info] 
     ######## #### ########  ######## ########     ###     ######  ########
     ##        ##  ##     ## ##       ##     ##  ##   ##  ##       ##
     ######    ##  ########  ######   ########  #########  ######  ######
     ##        ##  ##    ##  ##       ##     ## ##     ##       ## ##
     ##       #### ##     ## ######## ########  ##     ##  ######  ########

You're about to initialize a Firebase project in this directory:

  C:\Users\Acer\Downloads\AEROPOSTALE-REACT-JS-BK-main\AEROPOSTALE-REACT-JS-BK-main\aero

[info] 
=== Project Setup
[info] 
[info] First, let's associate this project directory with a Firebase project.
[info] You can create multiple project aliases by running firebase use --add, 
[info] but for now we'll just set up a default project.
[info] 
[debug] [2025-02-15T05:30:21.079Z] Checked if tokens are valid: true, expires at: 1739600890603
[debug] [2025-02-15T05:30:21.080Z] Checked if tokens are valid: true, expires at: 1739600890603
[debug] [2025-02-15T05:30:21.081Z] >>> [apiv2][query] GET https://firebase.googleapis.com/v1beta1/projects pageSize=100
[debug] [2025-02-15T05:30:22.369Z] <<< [apiv2][status] GET https://firebase.googleapis.com/v1beta1/projects 200
[debug] [2025-02-15T05:30:22.369Z] <<< [apiv2][body] GET https://firebase.googleapis.com/v1beta1/projects [omitted]
[info] i  Using project aero-6f943 (aero) 
[info] 
=== Dataconnect Setup
[debug] [2025-02-15T05:30:28.005Z] Checked if tokens are valid: true, expires at: 1739600890603
[debug] [2025-02-15T05:30:28.005Z] Checked if tokens are valid: true, expires at: 1739600890603
[debug] [2025-02-15T05:30:28.005Z] >>> [apiv2][query] GET https://cloudbilling.googleapis.com/v1/projects/aero-6f943/billingInfo [none]
[debug] [2025-02-15T05:30:29.721Z] <<< [apiv2][status] GET https://cloudbilling.googleapis.com/v1/projects/aero-6f943/billingInfo 200
[debug] [2025-02-15T05:30:29.721Z] <<< [apiv2][body] GET https://cloudbilling.googleapis.com/v1/projects/aero-6f943/billingInfo {"name":"projects/aero-6f943/billingInfo","projectId":"aero-6f943","billingAccountName":"","billingEnabled":false}
[info] i  dataconnect: ensuring required API sqladmin.googleapis.com is enabled... 
[debug] [2025-02-15T05:30:29.722Z] Checked if tokens are valid: true, expires at: 1739600890603
[debug] [2025-02-15T05:30:29.722Z] Checked if tokens are valid: true, expires at: 1739600890603
[debug] [2025-02-15T05:30:29.722Z] >>> [apiv2][query] GET https://serviceusage.googleapis.com/v1/projects/aero-6f943/services/sqladmin.googleapis.com [none]
[debug] [2025-02-15T05:30:29.722Z] >>> [apiv2][(partial)header] GET https://serviceusage.googleapis.com/v1/projects/aero-6f943/services/sqladmin.googleapis.com x-goog-quota-user=projects/aero-6f943
[debug] [2025-02-15T05:30:32.113Z] <<< [apiv2][status] GET https://serviceusage.googleapis.com/v1/projects/aero-6f943/services/sqladmin.googleapis.com 200
[debug] [2025-02-15T05:30:32.114Z] <<< [apiv2][body] GET https://serviceusage.googleapis.com/v1/projects/aero-6f943/services/sqladmin.googleapis.com [omitted]
[warn] !  dataconnect: missing required API sqladmin.googleapis.com. Enabling now... 
[debug] [2025-02-15T05:30:32.114Z] Checked if tokens are valid: true, expires at: 1739600890603
[debug] [2025-02-15T05:30:32.114Z] Checked if tokens are valid: true, expires at: 1739600890603
[debug] [2025-02-15T05:30:32.114Z] >>> [apiv2][query] POST https://serviceusage.googleapis.com/v1/projects/aero-6f943/services/sqladmin.googleapis.com:enable [none]
[debug] [2025-02-15T05:30:32.114Z] >>> [apiv2][(partial)header] POST https://serviceusage.googleapis.com/v1/projects/aero-6f943/services/sqladmin.googleapis.com:enable x-goog-quota-user=projects/aero-6f943
[debug] [2025-02-15T05:30:33.904Z] <<< [apiv2][status] POST https://serviceusage.googleapis.com/v1/projects/aero-6f943/services/sqladmin.googleapis.com:enable 200
[debug] [2025-02-15T05:30:33.904Z] <<< [apiv2][body] POST https://serviceusage.googleapis.com/v1/projects/aero-6f943/services/sqladmin.googleapis.com:enable [omitted]
[debug] [2025-02-15T05:30:43.917Z] Checked if tokens are valid: true, expires at: 1739600890603
[debug] [2025-02-15T05:30:43.918Z] Checked if tokens are valid: true, expires at: 1739600890603
[debug] [2025-02-15T05:30:43.918Z] >>> [apiv2][query] GET https://serviceusage.googleapis.com/v1/projects/aero-6f943/services/sqladmin.googleapis.com [none]
[debug] [2025-02-15T05:30:43.918Z] >>> [apiv2][(partial)header] GET https://serviceusage.googleapis.com/v1/projects/aero-6f943/services/sqladmin.googleapis.com x-goog-quota-user=projects/aero-6f943
[debug] [2025-02-15T05:30:45.769Z] <<< [apiv2][status] GET https://serviceusage.googleapis.com/v1/projects/aero-6f943/services/sqladmin.googleapis.com 200
[debug] [2025-02-15T05:30:45.769Z] <<< [apiv2][body] GET https://serviceusage.googleapis.com/v1/projects/aero-6f943/services/sqladmin.googleapis.com [omitted]
[info] +  dataconnect: required API sqladmin.googleapis.com is enabled 
[info] +  Wrote dataconnect\dataconnect.yaml 
[info] +  Wrote dataconnect\schema\schema.gql 
[info] +  Wrote dataconnect\connector\connector.yaml 
[info] +  Wrote dataconnect\connector\queries.gql 
[info] +  Wrote dataconnect\connector\mutations.gql 
[info] +  Detected WEB app in directory C:\Users\Acer\Downloads\AEROPOSTALE-REACT-JS-BK-main\AEROPOSTALE-REACT-JS-BK-main\aero 
